
The following files have been resolved:
   org.eclipse.jetty.websocket:websocket-servlet:jar:9.4.4.v20170414:compile
   org.eclipse.jetty.websocket:websocket-server:jar:9.4.4.v20170414:compile
   org.eclipse.jetty.websocket:websocket-common:jar:9.4.4.v20170414:compile
   org.eclipse.jetty:jetty-util:jar:9.4.4.v20170414:compile
   org.eclipse.jetty:jetty-client:jar:9.4.4.v20170414:compile
   javax.servlet:javax.servlet-api:jar:3.1.0:compile
   org.eclipse.jetty.websocket:websocket-api:jar:9.4.4.v20170414:compile
   org.slf4j:slf4j-simple:jar:1.7.25:compile
   org.slf4j:slf4j-api:jar:1.7.13:compile
   org.eclipse.jetty:jetty-http:jar:9.4.4.v20170414:compile
   mysql:mysql-connector-java:jar:5.1.41:compile
   org.eclipse.jetty:jetty-xml:jar:9.4.4.v20170414:compile
   org.eclipse.jetty:jetty-server:jar:9.4.4.v20170414:compile
   org.eclipse.jetty:jetty-servlet:jar:9.4.4.v20170414:compile
   org.eclipse.jetty.websocket:websocket-client:jar:9.4.4.v20170414:compile
   com.google.code.gson:gson:jar:2.8.1:compile
   com.googlecode.json-simple:json-simple:jar:1.1:compile
   com.sparkjava:spark-core:jar:2.6.0:compile
   org.eclipse.jetty:jetty-security:jar:9.4.4.v20170414:compile
   org.eclipse.jetty:jetty-io:jar:9.4.4.v20170414:compile
   org.eclipse.jetty:jetty-webapp:jar:9.4.4.v20170414:compile

